samples/hello_ar_java/app/build/intermediates/manifest_merge_blame_file/debug/manifest-merger-blame-debug-report.txt
1<?xml version="1.0" encoding="utf-8"?>
2<!--
3   Copyright 2016 Google LLC
4
5   Licensed under the Apache License, Version 2.0 (the "License");
6   you may not use this file except in compliance with the License.
7   You may obtain a copy of the License at
8
9      http://www.apache.org/licenses/LICENSE-2.0
10
11   Unless required by applicable law or agreed to in writing, software
12   distributed under the License is distributed on an "AS IS" BASIS,
13   WITHOUT WARRANTIES OR CONDITIONS OF ANY KIND, either express or implied.
14   See the License for the specific language governing permissions and
15   limitations under the License.
16-->
17<manifest xmlns:android="http://schemas.android.com/apk/res/android"
18    package="com.google.ar.core.examples.java.helloar"
19    android:versionCode="1"
20    android:versionName="1.0" >
21
22    <uses-sdk
23        android:minSdkVersion="24"
23-->src\main\AndroidManifest.xml
24        android:targetSdkVersion="32" />
24-->src\main\AndroidManifest.xml
25
26    <uses-permission android:name="android.permission.CAMERA" />
26-->src\main\AndroidManifest.xml:21:3-62
26-->src\main\AndroidManifest.xml:21:20-60
27    <!--
28       Limits app visibility in the Google Play Store to ARCore supported devices
29       (https://developers.google.com/ar/devices).
30    -->
31    <uses-feature
31-->src\main\AndroidManifest.xml:24:3-84
32        android:name="android.hardware.camera.ar"
32-->src\main\AndroidManifest.xml:24:17-58
33        android:required="true" />
33-->src\main\AndroidManifest.xml:24:59-82
34    <uses-feature
34-->src\main\AndroidManifest.xml:25:3-76
35        android:glEsVersion="0x00020000"
35-->src\main\AndroidManifest.xml:25:17-49
36        android:required="true" />
36-->src\main\AndroidManifest.xml:25:50-73
37
38    <queries>
38-->[com.google.ar:core:1.32.0] AndroidManifest.xml:29:5-31:15
39        <package android:name="com.google.ar.core" />
39-->[com.google.ar:core:1.32.0] AndroidManifest.xml:30:9-54
39-->[com.google.ar:core:1.32.0] AndroidManifest.xml:30:18-51
40    </queries>
41
42    <application
42-->src\main\AndroidManifest.xml:27:3-48:17
43        android:allowBackup="false"
43-->src\main\AndroidManifest.xml:28:7-34
44        android:appComponentFactory="androidx.core.app.CoreComponentFactory"
44-->[androidx.core:core:1.1.0] AndroidManifest.xml:24:18-86
45        android:debuggable="true"
46        android:extractNativeLibs="false"
47        android:icon="@drawable/ic_launcher"
47-->src\main\AndroidManifest.xml:29:7-43
48        android:label="@string/app_name"
48-->src\main\AndroidManifest.xml:30:7-39
49        android:theme="@style/AppTheme"
49-->src\main\AndroidManifest.xml:31:7-38
50        android:usesCleartextTraffic="false" >
50-->src\main\AndroidManifest.xml:32:7-43
51        <activity
51-->src\main\AndroidManifest.xml:35:5-45:16
52            android:name="com.google.ar.core.examples.java.helloar.HelloArActivity"
52-->src\main\AndroidManifest.xml:36:9-80
53            android:configChanges="orientation|screenSize"
53-->src\main\AndroidManifest.xml:37:9-55
54            android:exported="true"
54-->src\main\AndroidManifest.xml:38:9-32
55            android:screenOrientation="locked"
55-->src\main\AndroidManifest.xml:40:9-43
56            android:theme="@style/Theme.AppCompat.NoActionBar" >
56-->src\main\AndroidManifest.xml:39:9-59
57            <intent-filter>
57-->src\main\AndroidManifest.xml:41:7-44:23
58                <action android:name="android.intent.action.MAIN" />
58-->src\main\AndroidManifest.xml:42:9-60
58-->src\main\AndroidManifest.xml:42:17-58
59
60                <category android:name="android.intent.category.LAUNCHER" />
60-->src\main\AndroidManifest.xml:43:9-68
60-->src\main\AndroidManifest.xml:43:19-66
61            </intent-filter>
62        </activity>
63        <!-- Indicates whether "Google Play Services for AR" (ARCore) is "required" or "optional". -->
64        <meta-data
64-->src\main\AndroidManifest.xml:47:5-77
65            android:name="com.google.ar.core"
65-->src\main\AndroidManifest.xml:47:16-49
66            android:value="required" />
66-->src\main\AndroidManifest.xml:47:50-74
67        <!-- The minimal version code of ARCore APK required for an app using this SDK. -->
68        <meta-data
68-->[com.google.ar:core:1.32.0] AndroidManifest.xml:36:9-38:41
69            android:name="com.google.ar.core.min_apk_version"
69-->[com.google.ar:core:1.32.0] AndroidManifest.xml:37:13-62
70            android:value="221020000" /> <!-- This activity is critical for installing ARCore when it is not already present. -->
70-->[com.google.ar:core:1.32.0] AndroidManifest.xml:38:13-38
71        <activity
71-->[com.google.ar:core:1.32.0] AndroidManifest.xml:40:9-46:80
72            android:name="com.google.ar.core.InstallActivity"
72-->[com.google.ar:core:1.32.0] AndroidManifest.xml:41:13-62
73            android:configChanges="keyboardHidden|orientation|screenSize"
73-->[com.google.ar:core:1.32.0] AndroidManifest.xml:42:13-74
74            android:excludeFromRecents="true"
74-->[com.google.ar:core:1.32.0] AndroidManifest.xml:43:13-46
75            android:exported="false"
75-->[com.google.ar:core:1.32.0] AndroidManifest.xml:44:13-37
76            android:launchMode="singleTop"
76-->[com.google.ar:core:1.32.0] AndroidManifest.xml:45:13-43
77            android:theme="@android:style/Theme.Material.Light.Dialog.Alert" />
77-->[com.google.ar:core:1.32.0] AndroidManifest.xml:46:13-77
78    </application>
79
80</manifest>